<?xml version="1.0" encoding="UTF-8"?>
<testsuite name="com.trello.qa.tests.LoginTest" tests="1" skipped="0" failures="0" errors="0" timestamp="2021-01-26T18:21:11" hostname="LAPTOP-7FQI5J28" time="9.734">
  <properties/>
  <testcase name="testAtlassianUserLogin" classname="com.trello.qa.tests.LoginTest" time="9.734"/>
  <system-out><![CDATA[]]></system-out>
  <system-err><![CDATA[Starting ChromeDriver 87.0.4280.88 (89e2380a3e36c3464b5dd1302349b1382549290d-refs/branch-heads/4280@{#1761}) on port 16698
Only local connections are allowed.
Please see https://chromedriver.chromium.org/security-considerations for suggestions on keeping ChromeDriver safe.
ChromeDriver was started successfully.
[1611685263.720][WARNING]: This version of ChromeDriver has not been tested with Chrome version 88.
Jan 26, 2021 8:21:05 PM org.openqa.selenium.remote.ProtocolHandshake createSession
INFO: Detected dialect: W3C
]]></system-err>
</testsuite>
